# JRE version: Java(TM) SE Runtime Environment (8.0_05-b13) (build 1.8.0_05-b13)
# Java VM: Java HotSpot(TM) 64-Bit Server VM (25.5-b02 mixed mode linux-amd64 compressed oops)
Heap:
 def new generation   total 24384K, used 6976K [0x00000000a2400000, 0x00000000a3e70000, 0x00000000c1800000)
  eden space 21696K,  19% used [0x00000000a2400000, 0x00000000a2835d78, 0x00000000a3930000)
  from space 2688K,  99% used [0x00000000a3bd0000, 0x00000000a3e6a5c8, 0x00000000a3e70000)
  to   space 2688K,   0% used [0x00000000a3930000, 0x00000000a3930000, 0x00000000a3bd0000)
 tenured generation   total 54016K, used 31607K [0x00000000c1800000, 0x00000000c4cc0000, 0x0000000100000000)
   the space 54016K,  58% used [0x00000000c1800000, 0x00000000c36ddc98, 0x00000000c36dde00, 0x00000000c4cc0000)
 Metaspace       used 23218K, capacity 23758K, committed 23936K, reserved 1071104K
  class space    used 2697K, capacity 2830K, committed 2944K, reserved 1048576K
GC Heap History (10 events):
Event: 15.720 GC heap before
{Heap before GC invocations=891 (full 1):
 def new generation   total 24384K, used 22164K [0x00000000a2400000, 0x00000000a3e70000, 0x00000000c1800000)
  eden space 21696K, 100% used [0x00000000a2400000, 0x00000000a3930000, 0x00000000a3930000)
  from space 2688K,  17% used [0x00000000a3930000, 0x00000000a39a51b8, 0x00000000a3bd0000)
  to   space 2688K,   0% used [0x00000000a3bd0000, 0x00000000a3bd0000, 0x00000000a3e70000)
 tenured generation   total 54016K, used 31523K [0x00000000c1800000, 0x00000000c4cc0000, 0x0000000100000000)
   the space 54016K,  58% used [0x00000000c1800000, 0x00000000c36c8f18, 0x00000000c36c9000, 0x00000000c4cc0000)
 Metaspace       used 23098K, capacity 23624K, committed 23936K, reserved 1071104K
  class space    used 2690K, capacity 2829K, committed 2944K, reserved 1048576K
Event: 15.723 GC heap after
Heap after GC invocations=892 (full 1):
 def new generation   total 24384K, used 476K [0x00000000a2400000, 0x00000000a3e70000, 0x00000000c1800000)
  eden space 21696K,   0% used [0x00000000a2400000, 0x00000000a2400000, 0x00000000a3930000)
  from space 2688K,  17% used [0x00000000a3bd0000, 0x00000000a3c471d8, 0x00000000a3e70000)
  to   space 2688K,   0% used [0x00000000a3930000, 0x00000000a3930000, 0x00000000a3bd0000)
 tenured generation   total 54016K, used 31523K [0x00000000c1800000, 0x00000000c4cc0000, 0x0000000100000000)
   the space 54016K,  58% used [0x00000000c1800000, 0x00000000c36c8f18, 0x00000000c36c9000, 0x00000000c4cc0000)
 Metaspace       used 23098K, capacity 23624K, committed 23936K, reserved 1071104K
  class space    used 2690K, capacity 2829K, committed 2944K, reserved 1048576K
}
Event: 15.761 GC heap before
{Heap before GC invocations=892 (full 1):
 def new generation   total 24384K, used 22172K [0x00000000a2400000, 0x00000000a3e70000, 0x00000000c1800000)
  eden space 21696K, 100% used [0x00000000a2400000, 0x00000000a3930000, 0x00000000a3930000)
  from space 2688K,  17% used [0x00000000a3bd0000, 0x00000000a3c471d8, 0x00000000a3e70000)
  to   space 2688K,   0% used [0x00000000a3930000, 0x00000000a3930000, 0x00000000a3bd0000)
 tenured generation   total 54016K, used 31523K [0x00000000c1800000, 0x00000000c4cc0000, 0x0000000100000000)
   the space 54016K,  58% used [0x00000000c1800000, 0x00000000c36c8f18, 0x00000000c36c9000, 0x00000000c4cc0000)
 Metaspace       used 23098K, capacity 23624K, committed 23936K, reserved 1071104K
  class space    used 2690K, capacity 2829K, committed 2944K, reserved 1048576K
Event: 15.763 GC heap after
Heap after GC invocations=893 (full 1):
 def new generation   total 24384K, used 482K [0x00000000a2400000, 0x00000000a3e70000, 0x00000000c1800000)
  eden space 21696K,   0% used [0x00000000a2400000, 0x00000000a2400000, 0x00000000a3930000)
  from space 2688K,  17% used [0x00000000a3930000, 0x00000000a39a8988, 0x00000000a3bd0000)
  to   space 2688K,   0% used [0x00000000a3bd0000, 0x00000000a3bd0000, 0x00000000a3e70000)
 tenured generation   total 54016K, used 31524K [0x00000000c1800000, 0x00000000c4cc0000, 0x0000000100000000)
   the space 54016K,  58% used [0x00000000c1800000, 0x00000000c36c9120, 0x00000000c36c9200, 0x00000000c4cc0000)
 Metaspace       used 23098K, capacity 23624K, committed 23936K, reserved 1071104K
  class space    used 2690K, capacity 2829K, committed 2944K, reserved 1048576K
}
Event: 15.788 GC heap before
{Heap before GC invocations=893 (full 1):
 def new generation   total 24384K, used 22178K [0x00000000a2400000, 0x00000000a3e70000, 0x00000000c1800000)
  eden space 21696K, 100% used [0x00000000a2400000, 0x00000000a3930000, 0x00000000a3930000)
  from space 2688K,  17% used [0x00000000a3930000, 0x00000000a39a8988, 0x00000000a3bd0000)
  to   space 2688K,   0% used [0x00000000a3bd0000, 0x00000000a3bd0000, 0x00000000a3e70000)
 tenured generation   total 54016K, used 31524K [0x00000000c1800000, 0x00000000c4cc0000, 0x0000000100000000)
   the space 54016K,  58% used [0x00000000c1800000, 0x00000000c36c9120, 0x00000000c36c9200, 0x00000000c4cc0000)
 Metaspace       used 23098K, capacity 23624K, committed 23936K, reserved 1071104K
  class space    used 2690K, capacity 2829K, committed 2944K, reserved 1048576K
Event: 15.790 GC heap after
Heap after GC invocations=894 (full 1):
 def new generation   total 24384K, used 452K [0x00000000a2400000, 0x00000000a3e70000, 0x00000000c1800000)
  eden space 21696K,   0% used [0x00000000a2400000, 0x00000000a2400000, 0x00000000a3930000)
  from space 2688K,  16% used [0x00000000a3bd0000, 0x00000000a3c41240, 0x00000000a3e70000)
  to   space 2688K,   0% used [0x00000000a3930000, 0x00000000a3930000, 0x00000000a3bd0000)
 tenured generation   total 54016K, used 31567K [0x00000000c1800000, 0x00000000c4cc0000, 0x0000000100000000)
   the space 54016K,  58% used [0x00000000c1800000, 0x00000000c36d3cf8, 0x00000000c36d3e00, 0x00000000c4cc0000)
 Metaspace       used 23098K, capacity 23624K, committed 23936K, reserved 1071104K
  class space    used 2690K, capacity 2829K, committed 2944K, reserved 1048576K
}
Event: 15.817 GC heap before
{Heap before GC invocations=894 (full 1):
 def new generation   total 24384K, used 22148K [0x00000000a2400000, 0x00000000a3e70000, 0x00000000c1800000)
  eden space 21696K, 100% used [0x00000000a2400000, 0x00000000a3930000, 0x00000000a3930000)
  from space 2688K,  16% used [0x00000000a3bd0000, 0x00000000a3c41240, 0x00000000a3e70000)
  to   space 2688K,   0% used [0x00000000a3930000, 0x00000000a3930000, 0x00000000a3bd0000)
 tenured generation   total 54016K, used 31567K [0x00000000c1800000, 0x00000000c4cc0000, 0x0000000100000000)
   the space 54016K,  58% used [0x00000000c1800000, 0x00000000c36d3cf8, 0x00000000c36d3e00, 0x00000000c4cc0000)
 Metaspace       used 23098K, capacity 23624K, committed 23936K, reserved 1071104K
  class space    used 2690K, capacity 2829K, committed 2944K, reserved 1048576K
Event: 15.819 GC heap after
Heap after GC invocations=895 (full 1):
 def new generation   total 24384K, used 368K [0x00000000a2400000, 0x00000000a3e70000, 0x00000000c1800000)
  eden space 21696K,   0% used [0x00000000a2400000, 0x00000000a2400000, 0x00000000a3930000)
  from space 2688K,  13% used [0x00000000a3930000, 0x00000000a398c038, 0x00000000a3bd0000)
  to   space 2688K,   0% used [0x00000000a3bd0000, 0x00000000a3bd0000, 0x00000000a3e70000)
 tenured generation   total 54016K, used 31583K [0x00000000c1800000, 0x00000000c4cc0000, 0x0000000100000000)
   the space 54016K,  58% used [0x00000000c1800000, 0x00000000c36d7ef8, 0x00000000c36d8000, 0x00000000c4cc0000)
 Metaspace       used 23098K, capacity 23624K, committed 23936K, reserved 1071104K
  class space    used 2690K, capacity 2829K, committed 2944K, reserved 1048576K
}
Event: 15.978 GC heap before
{Heap before GC invocations=895 (full 1):
 def new generation   total 24384K, used 22064K [0x00000000a2400000, 0x00000000a3e70000, 0x00000000c1800000)
  eden space 21696K, 100% used [0x00000000a2400000, 0x00000000a3930000, 0x00000000a3930000)
  from space 2688K,  13% used [0x00000000a3930000, 0x00000000a398c038, 0x00000000a3bd0000)
  to   space 2688K,   0% used [0x00000000a3bd0000, 0x00000000a3bd0000, 0x00000000a3e70000)
 tenured generation   total 54016K, used 31583K [0x00000000c1800000, 0x00000000c4cc0000, 0x0000000100000000)
   the space 54016K,  58% used [0x00000000c1800000, 0x00000000c36d7ef8, 0x00000000c36d8000, 0x00000000c4cc0000)
 Metaspace       used 23198K, capacity 23694K, committed 23936K, reserved 1071104K
  class space    used 2697K, capacity 2830K, committed 2944K, reserved 1048576K
Event: 15.983 GC heap after
Heap after GC invocations=896 (full 1):
 def new generation   total 24384K, used 2665K [0x00000000a2400000, 0x00000000a3e70000, 0x00000000c1800000)
  eden space 21696K,   0% used [0x00000000a2400000, 0x00000000a2400000, 0x00000000a3930000)
  from space 2688K,  99% used [0x00000000a3bd0000, 0x00000000a3e6a5c8, 0x00000000a3e70000)
  to   space 2688K,   0% used [0x00000000a3930000, 0x00000000a3930000, 0x00000000a3bd0000)
 tenured generation   total 54016K, used 31607K [0x00000000c1800000, 0x00000000c4cc0000, 0x0000000100000000)
   the space 54016K,  58% used [0x00000000c1800000, 0x00000000c36ddc98, 0x00000000c36dde00, 0x00000000c4cc0000)
 Metaspace       used 23198K, capacity 23694K, committed 23936K, reserved 1071104K
  class space    used 2697K, capacity 2830K, committed 2944K, reserved 1048576K
}

